Determining if the pthread_create exist failed with the following output:
Change Dir: /home/kanishka/Desktop/ROS/CurlROS/build/CMakeFiles/CMakeTmp

Run Build Command:/usr/bin/make "cmTryCompileExec3199085341/fast"
/usr/bin/make -f CMakeFiles/cmTryCompileExec3199085341.dir/build.make CMakeFiles/cmTryCompileExec3199085341.dir/build
make[1]: Entering directory `/home/kanishka/Desktop/ROS/CurlROS/build/CMakeFiles/CMakeTmp'
/usr/bin/cmake -E cmake_progress_report /home/kanishka/Desktop/ROS/CurlROS/build/CMakeFiles/CMakeTmp/CMakeFiles 1
Building C object CMakeFiles/cmTryCompileExec3199085341.dir/CheckSymbolExists.c.o
/usr/bin/cc    -o CMakeFiles/cmTryCompileExec3199085341.dir/CheckSymbolExists.c.o   -c /home/kanishka/Desktop/ROS/CurlROS/build/CMakeFiles/CMakeTmp/CheckSymbolExists.c
Linking C executable cmTryCompileExec3199085341
/usr/bin/cmake -E cmake_link_script CMakeFiles/cmTryCompileExec3199085341.dir/link.txt --verbose=1
/usr/bin/cc       CMakeFiles/cmTryCompileExec3199085341.dir/CheckSymbolExists.c.o  -o cmTryCompileExec3199085341 -rdynamic 
CMakeFiles/cmTryCompileExec3199085341.dir/CheckSymbolExists.c.o: In function `main':
CheckSymbolExists.c:(.text+0xa): undefined reference to `pthread_create'
collect2: error: ld returned 1 exit status
make[1]: *** [cmTryCompileExec3199085341] Error 1
make[1]: Leaving directory `/home/kanishka/Desktop/ROS/CurlROS/build/CMakeFiles/CMakeTmp'
make: *** [cmTryCompileExec3199085341/fast] Error 2

File /home/kanishka/Desktop/ROS/CurlROS/build/CMakeFiles/CMakeTmp/CheckSymbolExists.c:
/* */
#include <pthread.h>

int main(int argc, char** argv)
{
  (void)argv;
#ifndef pthread_create
  return ((int*)(&pthread_create))[argc];
#else
  (void)argc;
  return 0;
#endif
}

Determining if the function pthread_create exists in the pthreads failed with the following output:
Change Dir: /home/kanishka/Desktop/ROS/CurlROS/build/CMakeFiles/CMakeTmp

Run Build Command:/usr/bin/make "cmTryCompileExec2124403239/fast"
/usr/bin/make -f CMakeFiles/cmTryCompileExec2124403239.dir/build.make CMakeFiles/cmTryCompileExec2124403239.dir/build
make[1]: Entering directory `/home/kanishka/Desktop/ROS/CurlROS/build/CMakeFiles/CMakeTmp'
/usr/bin/cmake -E cmake_progress_report /home/kanishka/Desktop/ROS/CurlROS/build/CMakeFiles/CMakeTmp/CMakeFiles 1
Building C object CMakeFiles/cmTryCompileExec2124403239.dir/CheckFunctionExists.c.o
/usr/bin/cc   -DCHECK_FUNCTION_EXISTS=pthread_create   -o CMakeFiles/cmTryCompileExec2124403239.dir/CheckFunctionExists.c.o   -c /usr/share/cmake-2.8/Modules/CheckFunctionExists.c
Linking C executable cmTryCompileExec2124403239
/usr/bin/cmake -E cmake_link_script CMakeFiles/cmTryCompileExec2124403239.dir/link.txt --verbose=1
/usr/bin/cc   -DCHECK_FUNCTION_EXISTS=pthread_create    CMakeFiles/cmTryCompileExec2124403239.dir/CheckFunctionExists.c.o  -o cmTryCompileExec2124403239 -rdynamic -lpthreads 
/usr/bin/ld: cannot find -lpthreads
collect2: error: ld returned 1 exit status
make[1]: *** [cmTryCompileExec2124403239] Error 1
make[1]: Leaving directory `/home/kanishka/Desktop/ROS/CurlROS/build/CMakeFiles/CMakeTmp'
make: *** [cmTryCompileExec2124403239/fast] Error 2


